TN:
SF:src\services\slices\constructorIngredientSlice.tsx
FN:22,reducer
FN:29,prepare
FN:34,deleteItem
FN:39,clearAll
FN:40,updateAll
FN:45,selectItems
FNF:6
FNH:5
FNDA:2,reducer
FNDA:2,prepare
FNDA:1,deleteItem
FNDA:1,clearAll
FNDA:1,updateAll
FNDA:0,selectItems
DA:1,1
DA:2,1
DA:3,1
DA:4,1
DA:5,1
DA:6,1
DA:7,1
DA:8,1
DA:9,1
DA:10,1
DA:11,1
DA:12,1
DA:13,1
DA:14,1
DA:15,1
DA:16,1
DA:17,1
DA:18,1
DA:19,1
DA:20,1
DA:21,1
DA:22,1
DA:23,2
DA:24,1
DA:25,1
DA:26,1
DA:27,1
DA:28,1
DA:29,1
DA:30,2
DA:31,2
DA:32,2
DA:33,1
DA:34,1
DA:35,1
DA:36,1
DA:37,1
DA:38,1
DA:39,1
DA:40,1
DA:41,1
DA:42,1
DA:43,1
DA:44,1
DA:45,1
DA:46,1
DA:47,1
DA:48,1
DA:49,1
DA:50,1
DA:51,1
DA:52,1
LF:52
LH:52
BRDA:22,0,0,2
BRDA:23,1,0,1
BRDA:29,2,0,2
BRDA:34,3,0,1
BRDA:36,4,0,1
BRDA:39,5,0,1
BRDA:40,6,0,1
BRF:7
BRH:7
end_of_record
